8-Oct-2025 13:17:17		SUCCESS			MOFSLOPENAPI.js			Initialize Constructor
8-Oct-2025 13:17:17		SUCCESS			MOFSLOPENAPI.js			Initialize Constructor
8-Oct-2025 13:18:18		SUCCESS			MOFSLOPENAPI.js			Initialize Constructor
8-Oct-2025 13:18:18		SUCCESS			MOFSLOPENAPI.js			Initialize Constructor
8-Oct-2025 13:19:19		SUCCESS			MOFSLOPENAPI.js			Initialize Constructor
8-Oct-2025 13:19:19		SUCCESS			MOFSLOPENAPI.js			PlaceOrder Request Intialize
8-Oct-2025 13:19:19		SUCCESS			MOFSLOPENAPI.js			Initialize Post WebRequest Sent
8-Oct-2025 13:19:19		SUCCESS			MOFSLOPENAPI.js			Post WebRequest Send Successfully
8-Oct-2025 13:19:19		SUCCESS			MOFSLOPENAPI.js			Logout Request Intialize
8-Oct-2025 13:19:19		SUCCESS			MOFSLOPENAPI.js			Initialize Post WebRequest Sent
8-Oct-2025 13:19:19		SUCCESS			MOFSLOPENAPI.js			Post WebRequest Send Successfully
8-Oct-2025 13:19:19		SUCCESS			MOFSLOPENAPI.js			Initialize Constructor
8-Oct-2025 13:19:19		SUCCESS			MOFSLOPENAPI.js			PlaceOrder Request Intialize
8-Oct-2025 13:19:19		SUCCESS			MOFSLOPENAPI.js			Initialize Post WebRequest Sent
8-Oct-2025 13:19:19		SUCCESS			MOFSLOPENAPI.js			Post WebRequest Send Successfully
8-Oct-2025 13:19:19		SUCCESS			MOFSLOPENAPI.js			Logout Request Intialize
8-Oct-2025 13:19:19		SUCCESS			MOFSLOPENAPI.js			Initialize Post WebRequest Sent
8-Oct-2025 13:19:19		SUCCESS			MOFSLOPENAPI.js			Post WebRequest Send Successfully
8-Oct-2025 13:21:21		SUCCESS			MOFSLOPENAPI.js			Initialize Constructor
8-Oct-2025 13:21:21		SUCCESS			MOFSLOPENAPI.js			PlaceOrder Request Intialize
8-Oct-2025 13:21:21		SUCCESS			MOFSLOPENAPI.js			Initialize Post WebRequest Sent
8-Oct-2025 13:21:21		SUCCESS			MOFSLOPENAPI.js			Post WebRequest Send Successfully
8-Oct-2025 13:21:21		SUCCESS			MOFSLOPENAPI.js			Logout Request Intialize
8-Oct-2025 13:21:21		SUCCESS			MOFSLOPENAPI.js			Initialize Post WebRequest Sent
8-Oct-2025 13:21:21		SUCCESS			MOFSLOPENAPI.js			Post WebRequest Send Successfully
8-Oct-2025 13:21:21		SUCCESS			MOFSLOPENAPI.js			Initialize Constructor
8-Oct-2025 13:21:21		SUCCESS			MOFSLOPENAPI.js			PlaceOrder Request Intialize
8-Oct-2025 13:21:21		SUCCESS			MOFSLOPENAPI.js			Initialize Post WebRequest Sent
8-Oct-2025 13:21:21		SUCCESS			MOFSLOPENAPI.js			Post WebRequest Send Successfully
8-Oct-2025 13:21:21		SUCCESS			MOFSLOPENAPI.js			Logout Request Intialize
8-Oct-2025 13:21:21		SUCCESS			MOFSLOPENAPI.js			Initialize Post WebRequest Sent
8-Oct-2025 13:21:21		SUCCESS			MOFSLOPENAPI.js			Post WebRequest Send Successfully
8-Oct-2025 13:23:23		SUCCESS			MOFSLOPENAPI.js			Initialize Constructor
8-Oct-2025 13:23:23		SUCCESS			MOFSLOPENAPI.js			PlaceOrder Request Intialize
8-Oct-2025 13:23:23		SUCCESS			MOFSLOPENAPI.js			Initialize Post WebRequest Sent
8-Oct-2025 13:23:23		SUCCESS			MOFSLOPENAPI.js			Post WebRequest Send Successfully
8-Oct-2025 13:23:23		SUCCESS			MOFSLOPENAPI.js			Logout Request Intialize
8-Oct-2025 13:23:23		SUCCESS			MOFSLOPENAPI.js			Initialize Post WebRequest Sent
8-Oct-2025 13:23:23		SUCCESS			MOFSLOPENAPI.js			Post WebRequest Send Successfully
8-Oct-2025 13:23:23		SUCCESS			MOFSLOPENAPI.js			Initialize Constructor
8-Oct-2025 13:23:23		SUCCESS			MOFSLOPENAPI.js			PlaceOrder Request Intialize
8-Oct-2025 13:23:23		SUCCESS			MOFSLOPENAPI.js			Initialize Post WebRequest Sent
8-Oct-2025 13:23:23		SUCCESS			MOFSLOPENAPI.js			Post WebRequest Send Successfully
8-Oct-2025 13:23:23		SUCCESS			MOFSLOPENAPI.js			Logout Request Intialize
8-Oct-2025 13:23:23		SUCCESS			MOFSLOPENAPI.js			Initialize Post WebRequest Sent
8-Oct-2025 13:23:23		SUCCESS			MOFSLOPENAPI.js			Post WebRequest Send Successfully
8-Oct-2025 13:25:25		SUCCESS			MOFSLOPENAPI.js			Initialize Constructor
8-Oct-2025 13:25:25		SUCCESS			MOFSLOPENAPI.js			ClientPublicIP set
8-Oct-2025 13:25:25		SUCCESS			MOFSLOPENAPI.js			PlaceOrder Request Intialize
8-Oct-2025 13:25:25		SUCCESS			MOFSLOPENAPI.js			Initialize Post WebRequest Sent
8-Oct-2025 13:25:25		SUCCESS			MOFSLOPENAPI.js			Post WebRequest Send Successfully
8-Oct-2025 13:25:25		SUCCESS			MOFSLOPENAPI.js			Initialize Constructor
8-Oct-2025 13:25:25		SUCCESS			MOFSLOPENAPI.js			ClientPublicIP set
8-Oct-2025 13:25:25		SUCCESS			MOFSLOPENAPI.js			PlaceOrder Request Intialize
8-Oct-2025 13:25:25		SUCCESS			MOFSLOPENAPI.js			Initialize Post WebRequest Sent
8-Oct-2025 13:25:25		SUCCESS			MOFSLOPENAPI.js			Post WebRequest Send Successfully
8-Oct-2025 13:25:25		SUCCESS			MOFSLOPENAPI.js			Logout Request Intialize
8-Oct-2025 13:25:25		SUCCESS			MOFSLOPENAPI.js			Initialize Post WebRequest Sent
8-Oct-2025 13:25:25		SUCCESS			MOFSLOPENAPI.js			Post WebRequest Send Successfully
8-Oct-2025 13:25:25		SUCCESS			MOFSLOPENAPI.js			Logout Request Intialize
8-Oct-2025 13:25:25		SUCCESS			MOFSLOPENAPI.js			Initialize Post WebRequest Sent
8-Oct-2025 13:25:25		SUCCESS			MOFSLOPENAPI.js			Post WebRequest Send Successfully
8-Oct-2025 13:27:27		SUCCESS			MOFSLOPENAPI.js			Initialize Constructor
8-Oct-2025 13:27:27		SUCCESS			MOFSLOPENAPI.js			ClientPublicIP set
8-Oct-2025 13:27:27		SUCCESS			MOFSLOPENAPI.js			PlaceOrder Request Intialize
8-Oct-2025 13:27:27		SUCCESS			MOFSLOPENAPI.js			Initialize Post WebRequest Sent
8-Oct-2025 13:27:27		SUCCESS			MOFSLOPENAPI.js			Post WebRequest Send Successfully
8-Oct-2025 13:27:27		SUCCESS			MOFSLOPENAPI.js			Initialize Constructor
8-Oct-2025 13:27:27		SUCCESS			MOFSLOPENAPI.js			ClientPublicIP set
8-Oct-2025 13:27:27		SUCCESS			MOFSLOPENAPI.js			PlaceOrder Request Intialize
8-Oct-2025 13:27:27		SUCCESS			MOFSLOPENAPI.js			Initialize Post WebRequest Sent
8-Oct-2025 13:27:27		SUCCESS			MOFSLOPENAPI.js			Post WebRequest Send Successfully
8-Oct-2025 13:27:27		SUCCESS			MOFSLOPENAPI.js			Logout Request Intialize
8-Oct-2025 13:27:27		SUCCESS			MOFSLOPENAPI.js			Initialize Post WebRequest Sent
8-Oct-2025 13:27:27		SUCCESS			MOFSLOPENAPI.js			Post WebRequest Send Successfully
8-Oct-2025 13:27:27		SUCCESS			MOFSLOPENAPI.js			Logout Request Intialize
8-Oct-2025 13:27:27		SUCCESS			MOFSLOPENAPI.js			Initialize Post WebRequest Sent
8-Oct-2025 13:27:27		SUCCESS			MOFSLOPENAPI.js			Post WebRequest Send Successfully
8-Oct-2025 13:29:29		SUCCESS			MOFSLOPENAPI.js			Initialize Constructor
8-Oct-2025 13:29:29		SUCCESS			MOFSLOPENAPI.js			ClientPublicIP set
8-Oct-2025 13:29:29		SUCCESS			MOFSLOPENAPI.js			PlaceOrder Request Intialize
8-Oct-2025 13:29:29		SUCCESS			MOFSLOPENAPI.js			Initialize Post WebRequest Sent
8-Oct-2025 13:29:29		SUCCESS			MOFSLOPENAPI.js			Post WebRequest Send Successfully
8-Oct-2025 13:29:29		SUCCESS			MOFSLOPENAPI.js			Initialize Constructor
8-Oct-2025 13:29:29		SUCCESS			MOFSLOPENAPI.js			ClientPublicIP set
8-Oct-2025 13:29:29		SUCCESS			MOFSLOPENAPI.js			PlaceOrder Request Intialize
8-Oct-2025 13:29:29		SUCCESS			MOFSLOPENAPI.js			Initialize Post WebRequest Sent
8-Oct-2025 13:29:29		SUCCESS			MOFSLOPENAPI.js			Post WebRequest Send Successfully
8-Oct-2025 13:29:29		SUCCESS			MOFSLOPENAPI.js			Logout Request Intialize
8-Oct-2025 13:29:29		SUCCESS			MOFSLOPENAPI.js			Initialize Post WebRequest Sent
8-Oct-2025 13:29:29		SUCCESS			MOFSLOPENAPI.js			Post WebRequest Send Successfully
8-Oct-2025 13:29:29		SUCCESS			MOFSLOPENAPI.js			Logout Request Intialize
8-Oct-2025 13:29:29		SUCCESS			MOFSLOPENAPI.js			Initialize Post WebRequest Sent
8-Oct-2025 13:29:29		SUCCESS			MOFSLOPENAPI.js			Post WebRequest Send Successfully
8-Oct-2025 13:29:29		SUCCESS			MOFSLOPENAPI.js			Initialize Constructor
8-Oct-2025 13:29:29		SUCCESS			MOFSLOPENAPI.js			ClientPublicIP set
8-Oct-2025 13:29:29		SUCCESS			MOFSLOPENAPI.js			Logout Request Intialize
8-Oct-2025 13:29:29		SUCCESS			MOFSLOPENAPI.js			Initialize Post WebRequest Sent
8-Oct-2025 13:29:29		SUCCESS			MOFSLOPENAPI.js			Post WebRequest Send Successfully
8-Oct-2025 13:29:29		SUCCESS			MOFSLOPENAPI.js			Initialize Constructor
8-Oct-2025 13:29:29		SUCCESS			MOFSLOPENAPI.js			ClientPublicIP set
8-Oct-2025 13:29:29		SUCCESS			MOFSLOPENAPI.js			Logout Request Intialize
8-Oct-2025 13:29:29		SUCCESS			MOFSLOPENAPI.js			Initialize Post WebRequest Sent
8-Oct-2025 13:29:29		SUCCESS			MOFSLOPENAPI.js			Post WebRequest Send Successfully
8-Oct-2025 13:31:31		SUCCESS			MOFSLOPENAPI.js			Initialize Constructor
8-Oct-2025 13:31:31		SUCCESS			MOFSLOPENAPI.js			ClientPublicIP set
8-Oct-2025 13:31:31		SUCCESS			MOFSLOPENAPI.js			PlaceOrder Request Intialize
8-Oct-2025 13:31:31		SUCCESS			MOFSLOPENAPI.js			Initialize Post WebRequest Sent
8-Oct-2025 13:31:31		SUCCESS			MOFSLOPENAPI.js			Post WebRequest Send Successfully
8-Oct-2025 13:31:31		SUCCESS			MOFSLOPENAPI.js			Initialize Constructor
8-Oct-2025 13:31:31		SUCCESS			MOFSLOPENAPI.js			ClientPublicIP set
8-Oct-2025 13:31:31		SUCCESS			MOFSLOPENAPI.js			PlaceOrder Request Intialize
8-Oct-2025 13:31:31		SUCCESS			MOFSLOPENAPI.js			Initialize Post WebRequest Sent
8-Oct-2025 13:31:31		SUCCESS			MOFSLOPENAPI.js			Post WebRequest Send Successfully
8-Oct-2025 13:31:31		SUCCESS			MOFSLOPENAPI.js			Logout Request Intialize
8-Oct-2025 13:31:31		SUCCESS			MOFSLOPENAPI.js			Initialize Post WebRequest Sent
8-Oct-2025 13:31:31		SUCCESS			MOFSLOPENAPI.js			Post WebRequest Send Successfully
8-Oct-2025 13:31:31		SUCCESS			MOFSLOPENAPI.js			Logout Request Intialize
8-Oct-2025 13:31:31		SUCCESS			MOFSLOPENAPI.js			Initialize Post WebRequest Sent
8-Oct-2025 13:31:31		SUCCESS			MOFSLOPENAPI.js			Post WebRequest Send Successfully
8-Oct-2025 15:20:20		SUCCESS			MOFSLOPENAPI.js			Initialize Constructor
8-Oct-2025 15:20:20		SUCCESS			MOFSLOPENAPI.js			ClientPublicIP set
8-Oct-2025 15:20:20		SUCCESS			MOFSLOPENAPI.js			PlaceOrder Request Intialize
8-Oct-2025 15:20:20		SUCCESS			MOFSLOPENAPI.js			Initialize Post WebRequest Sent
8-Oct-2025 15:20:20		SUCCESS			MOFSLOPENAPI.js			Post WebRequest Send Successfully
8-Oct-2025 15:20:20		SUCCESS			MOFSLOPENAPI.js			Initialize Constructor
8-Oct-2025 15:20:20		SUCCESS			MOFSLOPENAPI.js			ClientPublicIP set
8-Oct-2025 15:20:20		SUCCESS			MOFSLOPENAPI.js			PlaceOrder Request Intialize
8-Oct-2025 15:20:20		SUCCESS			MOFSLOPENAPI.js			Initialize Post WebRequest Sent
8-Oct-2025 15:20:20		SUCCESS			MOFSLOPENAPI.js			Post WebRequest Send Successfully
8-Oct-2025 15:20:20		SUCCESS			MOFSLOPENAPI.js			Logout Request Intialize
8-Oct-2025 15:20:20		SUCCESS			MOFSLOPENAPI.js			Initialize Post WebRequest Sent
8-Oct-2025 15:20:20		SUCCESS			MOFSLOPENAPI.js			Post WebRequest Send Successfully
8-Oct-2025 15:20:20		SUCCESS			MOFSLOPENAPI.js			Logout Request Intialize
8-Oct-2025 15:20:20		SUCCESS			MOFSLOPENAPI.js			Initialize Post WebRequest Sent
8-Oct-2025 15:20:20		SUCCESS			MOFSLOPENAPI.js			Post WebRequest Send Successfully
8-Oct-2025 15:23:23		SUCCESS			MOFSLOPENAPI.js			Initialize Constructor
8-Oct-2025 15:23:23		SUCCESS			MOFSLOPENAPI.js			Initialize Constructor
8-Oct-2025 15:23:23		SUCCESS			MOFSLOPENAPI.js			Logout Request Intialize
8-Oct-2025 15:23:23		SUCCESS			MOFSLOPENAPI.js			Initialize Post WebRequest Sent
8-Oct-2025 15:23:23		SUCCESS			MOFSLOPENAPI.js			Post WebRequest Send Successfully
8-Oct-2025 15:23:23		SUCCESS			MOFSLOPENAPI.js			Logout Request Intialize
8-Oct-2025 15:23:23		SUCCESS			MOFSLOPENAPI.js			Initialize Post WebRequest Sent
8-Oct-2025 15:23:23		SUCCESS			MOFSLOPENAPI.js			Post WebRequest Send Successfully
8-Oct-2025 15:23:23		SUCCESS			MOFSLOPENAPI.js			Initialize Constructor
8-Oct-2025 15:23:23		SUCCESS			MOFSLOPENAPI.js			Initialize Constructor
8-Oct-2025 15:23:23		SUCCESS			MOFSLOPENAPI.js			ClientPublicIP set
8-Oct-2025 15:23:23		SUCCESS			MOFSLOPENAPI.js			Logout Request Intialize
8-Oct-2025 15:23:23		SUCCESS			MOFSLOPENAPI.js			Initialize Post WebRequest Sent
8-Oct-2025 15:23:23		SUCCESS			MOFSLOPENAPI.js			Post WebRequest Send Successfully
8-Oct-2025 15:23:23		SUCCESS			MOFSLOPENAPI.js			ClientPublicIP set
8-Oct-2025 15:23:23		SUCCESS			MOFSLOPENAPI.js			Logout Request Intialize
8-Oct-2025 15:23:23		SUCCESS			MOFSLOPENAPI.js			Initialize Post WebRequest Sent
8-Oct-2025 15:23:23		SUCCESS			MOFSLOPENAPI.js			Post WebRequest Send Successfully
8-Oct-2025 15:23:23		SUCCESS			MOFSLOPENAPI.js			Initialize Constructor
8-Oct-2025 15:23:23		SUCCESS			MOFSLOPENAPI.js			Initialize Constructor
8-Oct-2025 15:23:23		SUCCESS			MOFSLOPENAPI.js			ClientPublicIP set
8-Oct-2025 15:23:23		SUCCESS			MOFSLOPENAPI.js			PlaceOrder Request Intialize
8-Oct-2025 15:23:23		SUCCESS			MOFSLOPENAPI.js			Initialize Post WebRequest Sent
8-Oct-2025 15:23:23		SUCCESS			MOFSLOPENAPI.js			Post WebRequest Send Successfully
8-Oct-2025 15:23:23		SUCCESS			MOFSLOPENAPI.js			Logout Request Intialize
8-Oct-2025 15:23:23		SUCCESS			MOFSLOPENAPI.js			Initialize Post WebRequest Sent
8-Oct-2025 15:23:23		SUCCESS			MOFSLOPENAPI.js			Post WebRequest Send Successfully
8-Oct-2025 15:23:23		SUCCESS			MOFSLOPENAPI.js			ClientPublicIP set
8-Oct-2025 15:23:23		SUCCESS			MOFSLOPENAPI.js			PlaceOrder Request Intialize
8-Oct-2025 15:23:23		SUCCESS			MOFSLOPENAPI.js			Initialize Post WebRequest Sent
8-Oct-2025 15:23:23		SUCCESS			MOFSLOPENAPI.js			Post WebRequest Send Successfully
8-Oct-2025 15:24:24		SUCCESS			MOFSLOPENAPI.js			Logout Request Intialize
8-Oct-2025 15:24:24		SUCCESS			MOFSLOPENAPI.js			Initialize Post WebRequest Sent
8-Oct-2025 15:24:24		SUCCESS			MOFSLOPENAPI.js			Post WebRequest Send Successfully
8-Oct-2025 15:30:30		SUCCESS			MOFSLOPENAPI.js			Initialize Constructor
8-Oct-2025 15:30:30		SUCCESS			MOFSLOPENAPI.js			Initialize Constructor
8-Oct-2025 15:30:30		SUCCESS			MOFSLOPENAPI.js			ClientPublicIP set
8-Oct-2025 15:30:30		SUCCESS			MOFSLOPENAPI.js			PlaceOrder Request Intialize
8-Oct-2025 15:30:30		SUCCESS			MOFSLOPENAPI.js			Initialize Post WebRequest Sent
8-Oct-2025 15:30:30		SUCCESS			MOFSLOPENAPI.js			Post WebRequest Send Successfully
8-Oct-2025 15:30:30		SUCCESS			MOFSLOPENAPI.js			Logout Request Intialize
8-Oct-2025 15:30:30		SUCCESS			MOFSLOPENAPI.js			Initialize Post WebRequest Sent
8-Oct-2025 15:30:30		SUCCESS			MOFSLOPENAPI.js			Post WebRequest Send Successfully
8-Oct-2025 15:30:30		SUCCESS			MOFSLOPENAPI.js			ClientPublicIP set
8-Oct-2025 15:30:30		SUCCESS			MOFSLOPENAPI.js			PlaceOrder Request Intialize
8-Oct-2025 15:30:30		SUCCESS			MOFSLOPENAPI.js			Initialize Post WebRequest Sent
8-Oct-2025 15:30:30		SUCCESS			MOFSLOPENAPI.js			Post WebRequest Send Successfully
8-Oct-2025 15:30:30		SUCCESS			MOFSLOPENAPI.js			Logout Request Intialize
8-Oct-2025 15:30:30		SUCCESS			MOFSLOPENAPI.js			Initialize Post WebRequest Sent
8-Oct-2025 15:30:30		SUCCESS			MOFSLOPENAPI.js			Post WebRequest Send Successfully
8-Oct-2025 15:33:33		SUCCESS			MOFSLOPENAPI.js			Initialize Constructor
8-Oct-2025 15:33:33		SUCCESS			MOFSLOPENAPI.js			ClientPublicIP set
8-Oct-2025 15:33:33		SUCCESS			MOFSLOPENAPI.js			PlaceOrder Request Intialize
8-Oct-2025 15:33:33		SUCCESS			MOFSLOPENAPI.js			Initialize Post WebRequest Sent
8-Oct-2025 15:33:33		SUCCESS			MOFSLOPENAPI.js			Post WebRequest Send Successfully
8-Oct-2025 15:33:33		SUCCESS			MOFSLOPENAPI.js			Initialize Constructor
8-Oct-2025 15:33:33		SUCCESS			MOFSLOPENAPI.js			ClientPublicIP set
8-Oct-2025 15:33:33		SUCCESS			MOFSLOPENAPI.js			PlaceOrder Request Intialize
8-Oct-2025 15:33:33		SUCCESS			MOFSLOPENAPI.js			Initialize Post WebRequest Sent
8-Oct-2025 15:33:33		SUCCESS			MOFSLOPENAPI.js			Post WebRequest Send Successfully
8-Oct-2025 15:34:34		SUCCESS			MOFSLOPENAPI.js			Logout Request Intialize
8-Oct-2025 15:34:34		SUCCESS			MOFSLOPENAPI.js			Initialize Post WebRequest Sent
8-Oct-2025 15:34:34		SUCCESS			MOFSLOPENAPI.js			Post WebRequest Send Successfully
8-Oct-2025 15:34:34		SUCCESS			MOFSLOPENAPI.js			Logout Request Intialize
8-Oct-2025 15:34:34		SUCCESS			MOFSLOPENAPI.js			Initialize Post WebRequest Sent
8-Oct-2025 15:34:34		SUCCESS			MOFSLOPENAPI.js			Post WebRequest Send Successfully
8-Oct-2025 15:34:34		SUCCESS			MOFSLOPENAPI.js			Initialize Constructor
8-Oct-2025 15:34:34		SUCCESS			MOFSLOPENAPI.js			ClientPublicIP set
8-Oct-2025 15:34:34		SUCCESS			MOFSLOPENAPI.js			PlaceOrder Request Intialize
8-Oct-2025 15:34:34		SUCCESS			MOFSLOPENAPI.js			Initialize Post WebRequest Sent
8-Oct-2025 15:34:34		SUCCESS			MOFSLOPENAPI.js			Post WebRequest Send Successfully
8-Oct-2025 15:34:34		SUCCESS			MOFSLOPENAPI.js			Initialize Constructor
8-Oct-2025 15:34:34		SUCCESS			MOFSLOPENAPI.js			ClientPublicIP set
8-Oct-2025 15:34:34		SUCCESS			MOFSLOPENAPI.js			PlaceOrder Request Intialize
8-Oct-2025 15:34:34		SUCCESS			MOFSLOPENAPI.js			Initialize Post WebRequest Sent
8-Oct-2025 15:34:34		SUCCESS			MOFSLOPENAPI.js			Post WebRequest Send Successfully
8-Oct-2025 15:34:34		SUCCESS			MOFSLOPENAPI.js			Logout Request Intialize
8-Oct-2025 15:34:34		SUCCESS			MOFSLOPENAPI.js			Initialize Post WebRequest Sent
8-Oct-2025 15:34:34		SUCCESS			MOFSLOPENAPI.js			Post WebRequest Send Successfully
8-Oct-2025 15:34:34		SUCCESS			MOFSLOPENAPI.js			Logout Request Intialize
8-Oct-2025 15:34:34		SUCCESS			MOFSLOPENAPI.js			Initialize Post WebRequest Sent
8-Oct-2025 15:34:34		SUCCESS			MOFSLOPENAPI.js			Post WebRequest Send Successfully
8-Oct-2025 15:35:35		SUCCESS			MOFSLOPENAPI.js			Initialize Constructor
8-Oct-2025 15:35:35		SUCCESS			MOFSLOPENAPI.js			ClientPublicIP set
8-Oct-2025 15:35:35		SUCCESS			MOFSLOPENAPI.js			PlaceOrder Request Intialize
8-Oct-2025 15:35:35		SUCCESS			MOFSLOPENAPI.js			Initialize Post WebRequest Sent
8-Oct-2025 15:35:35		SUCCESS			MOFSLOPENAPI.js			Post WebRequest Send Successfully
8-Oct-2025 15:35:35		SUCCESS			MOFSLOPENAPI.js			Initialize Constructor
8-Oct-2025 15:35:35		SUCCESS			MOFSLOPENAPI.js			ClientPublicIP set
8-Oct-2025 15:35:35		SUCCESS			MOFSLOPENAPI.js			PlaceOrder Request Intialize
8-Oct-2025 15:35:35		SUCCESS			MOFSLOPENAPI.js			Initialize Post WebRequest Sent
8-Oct-2025 15:35:35		SUCCESS			MOFSLOPENAPI.js			Post WebRequest Send Successfully
8-Oct-2025 15:35:35		SUCCESS			MOFSLOPENAPI.js			Logout Request Intialize
8-Oct-2025 15:35:35		SUCCESS			MOFSLOPENAPI.js			Initialize Post WebRequest Sent
8-Oct-2025 15:35:35		SUCCESS			MOFSLOPENAPI.js			Post WebRequest Send Successfully
8-Oct-2025 15:35:35		SUCCESS			MOFSLOPENAPI.js			Logout Request Intialize
8-Oct-2025 15:35:35		SUCCESS			MOFSLOPENAPI.js			Initialize Post WebRequest Sent
8-Oct-2025 15:35:35		SUCCESS			MOFSLOPENAPI.js			Post WebRequest Send Successfully
8-Oct-2025 15:36:36		SUCCESS			MOFSLOPENAPI.js			Initialize Constructor
8-Oct-2025 15:36:36		SUCCESS			MOFSLOPENAPI.js			ClientPublicIP set
8-Oct-2025 15:36:36		SUCCESS			MOFSLOPENAPI.js			PlaceOrder Request Intialize
8-Oct-2025 15:36:36		SUCCESS			MOFSLOPENAPI.js			Initialize Post WebRequest Sent
8-Oct-2025 15:36:36		SUCCESS			MOFSLOPENAPI.js			Post WebRequest Send Successfully
8-Oct-2025 15:36:36		SUCCESS			MOFSLOPENAPI.js			Initialize Constructor
8-Oct-2025 15:36:36		SUCCESS			MOFSLOPENAPI.js			ClientPublicIP set
8-Oct-2025 15:36:36		SUCCESS			MOFSLOPENAPI.js			PlaceOrder Request Intialize
8-Oct-2025 15:36:36		SUCCESS			MOFSLOPENAPI.js			Initialize Post WebRequest Sent
8-Oct-2025 15:36:36		SUCCESS			MOFSLOPENAPI.js			Post WebRequest Send Successfully
8-Oct-2025 15:36:36		SUCCESS			MOFSLOPENAPI.js			Logout Request Intialize
8-Oct-2025 15:36:36		SUCCESS			MOFSLOPENAPI.js			Initialize Post WebRequest Sent
8-Oct-2025 15:36:36		SUCCESS			MOFSLOPENAPI.js			Post WebRequest Send Successfully
8-Oct-2025 15:36:36		SUCCESS			MOFSLOPENAPI.js			Logout Request Intialize
8-Oct-2025 15:36:36		SUCCESS			MOFSLOPENAPI.js			Initialize Post WebRequest Sent
8-Oct-2025 15:36:36		SUCCESS			MOFSLOPENAPI.js			Post WebRequest Send Successfully
8-Oct-2025 15:41:41		SUCCESS			MOFSLOPENAPI.js			Initialize Constructor
8-Oct-2025 15:41:41		SUCCESS			MOFSLOPENAPI.js			ClientPublicIP set
8-Oct-2025 15:41:41		SUCCESS			MOFSLOPENAPI.js			PlaceOrder Request Intialize
8-Oct-2025 15:41:41		SUCCESS			MOFSLOPENAPI.js			Initialize Post WebRequest Sent
8-Oct-2025 15:41:41		SUCCESS			MOFSLOPENAPI.js			Post WebRequest Send Successfully
8-Oct-2025 15:41:41		SUCCESS			MOFSLOPENAPI.js			Initialize Constructor
8-Oct-2025 15:41:41		SUCCESS			MOFSLOPENAPI.js			ClientPublicIP set
8-Oct-2025 15:41:41		SUCCESS			MOFSLOPENAPI.js			PlaceOrder Request Intialize
8-Oct-2025 15:41:41		SUCCESS			MOFSLOPENAPI.js			Initialize Post WebRequest Sent
8-Oct-2025 15:41:41		SUCCESS			MOFSLOPENAPI.js			Post WebRequest Send Successfully
8-Oct-2025 15:42:42		SUCCESS			MOFSLOPENAPI.js			Logout Request Intialize
8-Oct-2025 15:42:42		SUCCESS			MOFSLOPENAPI.js			Initialize Post WebRequest Sent
8-Oct-2025 15:42:42		SUCCESS			MOFSLOPENAPI.js			Post WebRequest Send Successfully
8-Oct-2025 15:42:42		SUCCESS			MOFSLOPENAPI.js			Logout Request Intialize
8-Oct-2025 15:42:42		SUCCESS			MOFSLOPENAPI.js			Initialize Post WebRequest Sent
8-Oct-2025 15:42:42		SUCCESS			MOFSLOPENAPI.js			Post WebRequest Send Successfully
8-Oct-2025 15:51:51		SUCCESS			MOFSLOPENAPI.js			Initialize Constructor
8-Oct-2025 15:51:51		SUCCESS			MOFSLOPENAPI.js			ClientPublicIP set
8-Oct-2025 15:51:51		SUCCESS			MOFSLOPENAPI.js			PlaceOrder Request Intialize
8-Oct-2025 15:51:51		SUCCESS			MOFSLOPENAPI.js			Initialize Post WebRequest Sent
8-Oct-2025 15:51:51		SUCCESS			MOFSLOPENAPI.js			Post WebRequest Send Successfully
8-Oct-2025 15:51:51		SUCCESS			MOFSLOPENAPI.js			Initialize Constructor
8-Oct-2025 15:51:51		SUCCESS			MOFSLOPENAPI.js			ClientPublicIP set
8-Oct-2025 15:51:51		SUCCESS			MOFSLOPENAPI.js			PlaceOrder Request Intialize
8-Oct-2025 15:51:51		SUCCESS			MOFSLOPENAPI.js			Initialize Post WebRequest Sent
8-Oct-2025 15:51:51		SUCCESS			MOFSLOPENAPI.js			Post WebRequest Send Successfully
8-Oct-2025 15:51:51		SUCCESS			MOFSLOPENAPI.js			Logout Request Intialize
8-Oct-2025 15:51:51		SUCCESS			MOFSLOPENAPI.js			Initialize Post WebRequest Sent
8-Oct-2025 15:51:51		SUCCESS			MOFSLOPENAPI.js			Post WebRequest Send Successfully
8-Oct-2025 15:51:51		SUCCESS			MOFSLOPENAPI.js			Logout Request Intialize
8-Oct-2025 15:51:51		SUCCESS			MOFSLOPENAPI.js			Initialize Post WebRequest Sent
8-Oct-2025 15:51:51		SUCCESS			MOFSLOPENAPI.js			Post WebRequest Send Successfully
8-Oct-2025 15:52:52		SUCCESS			MOFSLOPENAPI.js			Initialize Constructor
8-Oct-2025 15:52:52		SUCCESS			MOFSLOPENAPI.js			ClientPublicIP set
8-Oct-2025 15:52:52		SUCCESS			MOFSLOPENAPI.js			PlaceOrder Request Intialize
8-Oct-2025 15:52:52		SUCCESS			MOFSLOPENAPI.js			Initialize Post WebRequest Sent
8-Oct-2025 15:52:52		SUCCESS			MOFSLOPENAPI.js			Post WebRequest Send Successfully
8-Oct-2025 15:52:52		SUCCESS			MOFSLOPENAPI.js			Initialize Constructor
8-Oct-2025 15:52:52		SUCCESS			MOFSLOPENAPI.js			ClientPublicIP set
8-Oct-2025 15:52:52		SUCCESS			MOFSLOPENAPI.js			PlaceOrder Request Intialize
8-Oct-2025 15:52:52		SUCCESS			MOFSLOPENAPI.js			Initialize Post WebRequest Sent
8-Oct-2025 15:52:52		SUCCESS			MOFSLOPENAPI.js			Post WebRequest Send Successfully
8-Oct-2025 15:52:52		SUCCESS			MOFSLOPENAPI.js			Logout Request Intialize
8-Oct-2025 15:52:52		SUCCESS			MOFSLOPENAPI.js			Initialize Post WebRequest Sent
8-Oct-2025 15:52:52		SUCCESS			MOFSLOPENAPI.js			Post WebRequest Send Successfully
8-Oct-2025 15:52:52		SUCCESS			MOFSLOPENAPI.js			Logout Request Intialize
8-Oct-2025 15:52:52		SUCCESS			MOFSLOPENAPI.js			Initialize Post WebRequest Sent
8-Oct-2025 15:52:52		SUCCESS			MOFSLOPENAPI.js			Post WebRequest Send Successfully
8-Oct-2025 15:53:53		SUCCESS			MOFSLOPENAPI.js			Initialize Constructor
8-Oct-2025 15:53:53		SUCCESS			MOFSLOPENAPI.js			ClientPublicIP set
8-Oct-2025 15:53:53		SUCCESS			MOFSLOPENAPI.js			GetProfile Request Intialize
8-Oct-2025 15:53:53		SUCCESS			MOFSLOPENAPI.js			Initialize Post WebRequest Sent
8-Oct-2025 15:53:53		SUCCESS			MOFSLOPENAPI.js			Post WebRequest Send Successfully
8-Oct-2025 15:53:53		SUCCESS			MOFSLOPENAPI.js			Initialize Constructor
8-Oct-2025 15:53:53		SUCCESS			MOFSLOPENAPI.js			ClientPublicIP set
8-Oct-2025 15:53:53		SUCCESS			MOFSLOPENAPI.js			GetProfile Request Intialize
8-Oct-2025 15:53:53		SUCCESS			MOFSLOPENAPI.js			Initialize Post WebRequest Sent
8-Oct-2025 15:53:53		SUCCESS			MOFSLOPENAPI.js			Post WebRequest Send Successfully
8-Oct-2025 15:53:53		SUCCESS			MOFSLOPENAPI.js			PlaceOrder Request Intialize
8-Oct-2025 15:53:53		SUCCESS			MOFSLOPENAPI.js			Initialize Post WebRequest Sent
8-Oct-2025 15:53:53		SUCCESS			MOFSLOPENAPI.js			Post WebRequest Send Successfully
8-Oct-2025 15:53:53		SUCCESS			MOFSLOPENAPI.js			PlaceOrder Request Intialize
8-Oct-2025 15:53:53		SUCCESS			MOFSLOPENAPI.js			Initialize Post WebRequest Sent
8-Oct-2025 15:53:53		SUCCESS			MOFSLOPENAPI.js			Post WebRequest Send Successfully
8-Oct-2025 15:53:53		SUCCESS			MOFSLOPENAPI.js			Logout Request Intialize
8-Oct-2025 15:53:53		SUCCESS			MOFSLOPENAPI.js			Initialize Post WebRequest Sent
8-Oct-2025 15:53:53		SUCCESS			MOFSLOPENAPI.js			Post WebRequest Send Successfully
8-Oct-2025 15:53:53		SUCCESS			MOFSLOPENAPI.js			Logout Request Intialize
8-Oct-2025 15:53:53		SUCCESS			MOFSLOPENAPI.js			Initialize Post WebRequest Sent
8-Oct-2025 15:53:53		SUCCESS			MOFSLOPENAPI.js			Post WebRequest Send Successfully
8-Oct-2025 16:14:14		SUCCESS			MOFSLOPENAPI.js			Initialize Constructor
8-Oct-2025 16:14:14		SUCCESS			MOFSLOPENAPI.js			ClientPublicIP set
8-Oct-2025 16:14:14		SUCCESS			MOFSLOPENAPI.js			PlaceOrder Request Intialize
8-Oct-2025 16:14:14		SUCCESS			MOFSLOPENAPI.js			Initialize Post WebRequest Sent
8-Oct-2025 16:14:14		SUCCESS			MOFSLOPENAPI.js			Post WebRequest Send Successfully
8-Oct-2025 16:14:14		SUCCESS			MOFSLOPENAPI.js			Initialize Constructor
8-Oct-2025 16:14:14		SUCCESS			MOFSLOPENAPI.js			ClientPublicIP set
8-Oct-2025 16:14:14		SUCCESS			MOFSLOPENAPI.js			PlaceOrder Request Intialize
8-Oct-2025 16:14:14		SUCCESS			MOFSLOPENAPI.js			Initialize Post WebRequest Sent
8-Oct-2025 16:14:14		SUCCESS			MOFSLOPENAPI.js			Post WebRequest Send Successfully
8-Oct-2025 16:14:14		SUCCESS			MOFSLOPENAPI.js			Logout Request Intialize
8-Oct-2025 16:14:14		SUCCESS			MOFSLOPENAPI.js			Initialize Post WebRequest Sent
8-Oct-2025 16:14:14		SUCCESS			MOFSLOPENAPI.js			Post WebRequest Send Successfully
8-Oct-2025 16:14:14		SUCCESS			MOFSLOPENAPI.js			Logout Request Intialize
8-Oct-2025 16:14:14		SUCCESS			MOFSLOPENAPI.js			Initialize Post WebRequest Sent
8-Oct-2025 16:14:14		SUCCESS			MOFSLOPENAPI.js			Post WebRequest Send Successfully
8-Oct-2025 16:15:15		SUCCESS			MOFSLOPENAPI.js			Initialize Constructor
8-Oct-2025 16:15:15		SUCCESS			MOFSLOPENAPI.js			ClientPublicIP set
8-Oct-2025 16:15:15		SUCCESS			MOFSLOPENAPI.js			Login Request Initialize
8-Oct-2025 16:15:15		SUCCESS			MOFSLOPENAPI.js			Initialize Post WebRequest Sent
8-Oct-2025 16:15:15		SUCCESS			MOFSLOPENAPI.js			Post WebRequest Send Successfully
8-Oct-2025 16:15:15		SUCCESS			MOFSLOPENAPI.js			Login Response Returned
8-Oct-2025 16:15:15		SUCCESS			MOFSLOPENAPI.js			Initialize Constructor
8-Oct-2025 16:15:15		SUCCESS			MOFSLOPENAPI.js			ClientPublicIP set
8-Oct-2025 16:15:15		SUCCESS			MOFSLOPENAPI.js			Login Request Initialize
8-Oct-2025 16:15:15		SUCCESS			MOFSLOPENAPI.js			Initialize Post WebRequest Sent
8-Oct-2025 16:15:15		SUCCESS			MOFSLOPENAPI.js			Post WebRequest Send Successfully
8-Oct-2025 16:15:15		SUCCESS			MOFSLOPENAPI.js			Login Response Returned
8-Oct-2025 16:15:15		SUCCESS			MOFSLOPENAPI.js			AuthToken Set Globally
8-Oct-2025 16:15:15		SUCCESS			MOFSLOPENAPI.js			Logout Request Intialize
8-Oct-2025 16:15:15		SUCCESS			MOFSLOPENAPI.js			Initialize Post WebRequest Sent
8-Oct-2025 16:15:15		SUCCESS			MOFSLOPENAPI.js			Post WebRequest Send Successfully
8-Oct-2025 16:15:15		SUCCESS			MOFSLOPENAPI.js			AuthToken Set Globally
8-Oct-2025 16:15:15		SUCCESS			MOFSLOPENAPI.js			Logout Request Intialize
8-Oct-2025 16:15:15		SUCCESS			MOFSLOPENAPI.js			Initialize Post WebRequest Sent
8-Oct-2025 16:15:15		SUCCESS			MOFSLOPENAPI.js			Post WebRequest Send Successfully
8-Oct-2025 16:16:16		SUCCESS			MOFSLOPENAPI.js			Initialize Constructor
8-Oct-2025 16:16:16		SUCCESS			MOFSLOPENAPI.js			ClientPublicIP set
8-Oct-2025 16:16:16		SUCCESS			MOFSLOPENAPI.js			Login Request Initialize
8-Oct-2025 16:16:16		SUCCESS			MOFSLOPENAPI.js			Initialize Post WebRequest Sent
8-Oct-2025 16:16:16		SUCCESS			MOFSLOPENAPI.js			Post WebRequest Send Successfully
8-Oct-2025 16:16:16		SUCCESS			MOFSLOPENAPI.js			Login Response Returned
8-Oct-2025 16:16:16		SUCCESS			MOFSLOPENAPI.js			Initialize Constructor
8-Oct-2025 16:16:16		SUCCESS			MOFSLOPENAPI.js			ClientPublicIP set
8-Oct-2025 16:16:16		SUCCESS			MOFSLOPENAPI.js			Login Request Initialize
8-Oct-2025 16:16:16		SUCCESS			MOFSLOPENAPI.js			Initialize Post WebRequest Sent
8-Oct-2025 16:16:16		SUCCESS			MOFSLOPENAPI.js			Post WebRequest Send Successfully
8-Oct-2025 16:16:16		SUCCESS			MOFSLOPENAPI.js			Login Response Returned
8-Oct-2025 16:16:16		SUCCESS			MOFSLOPENAPI.js			AuthToken Set Globally
8-Oct-2025 16:16:16		SUCCESS			MOFSLOPENAPI.js			Logout Request Intialize
8-Oct-2025 16:16:16		SUCCESS			MOFSLOPENAPI.js			Initialize Post WebRequest Sent
8-Oct-2025 16:16:16		SUCCESS			MOFSLOPENAPI.js			Post WebRequest Send Successfully
8-Oct-2025 16:16:16		SUCCESS			MOFSLOPENAPI.js			AuthToken Set Globally
8-Oct-2025 16:16:16		SUCCESS			MOFSLOPENAPI.js			Logout Request Intialize
8-Oct-2025 16:16:16		SUCCESS			MOFSLOPENAPI.js			Initialize Post WebRequest Sent
8-Oct-2025 16:16:16		SUCCESS			MOFSLOPENAPI.js			Post WebRequest Send Successfully
